2025-10-29 10:43:27,339 - admin - Logged in
2025-10-29 10:43:27,391 - admin - Viewed admin dashboard
2025-10-29 11:00:51,926 - admin - Logged in
2025-10-29 11:00:51,961 - admin - Viewed admin dashboard
2025-10-29 11:00:59,884 - admin - Viewed logs
2025-10-29 11:01:01,557 - admin - Viewed admin dashboard
2025-10-29 11:01:04,426 - admin - Viewed admin dashboard
2025-10-29 11:32:47,105 - anonymous - Failed login attempt for admin 
2025-10-29 11:32:56,721 - admin - Logged in
2025-10-29 11:32:56,766 - admin - Viewed admin dashboard
2025-10-29 11:33:09,241 - admin - Viewed admin dashboard
2025-10-29 11:33:12,251 - admin - Viewed admin dashboard
2025-10-29 11:33:17,425 - admin - Viewed attendance dashboard
2025-10-29 11:33:19,878 - admin - Viewed admin dashboard
2025-10-29 11:33:21,109 - admin - Viewed logs
2025-10-29 11:33:29,789 - admin - Viewed admin dashboard
2025-10-29 11:33:37,582 - admin - Viewed admin dashboard
2025-10-29 11:34:20,201 - admin - Created user vikas2
2025-10-29 11:34:23,023 - admin - Viewed admin dashboard
2025-10-29 11:34:24,807 - admin - Viewed admin dashboard
2025-10-29 11:34:26,686 - admin - Viewed admin dashboard
2025-10-29 11:34:39,987 - admin - Viewed admin dashboard
2025-10-29 11:35:07,362 - vikas2 - Logged in
2025-10-29 11:35:09,599 - vikas2 - Viewed attendance
2025-10-29 11:35:14,899 - vikas2 - Viewed leave balances
2025-10-29 11:35:18,686 - vikas2 - Viewed profile
2025-10-29 11:35:21,249 - vikas2 - Viewed salary slips
2025-10-29 11:35:23,492 - vikas2 - Viewed salary slips
2025-10-29 11:35:26,016 - vikas2 - Viewed profile
2025-10-29 11:35:29,160 - vikas2 - Viewed leave balances
2025-10-29 11:35:31,606 - vikas2 - Viewed documents
2025-10-29 11:35:33,720 - vikas2 - Viewed holidays
2025-10-29 11:35:35,489 - vikas2 - Viewed attendance
2025-10-29 11:35:38,624 - vikas2 - Viewed profile
2025-10-29 11:35:44,222 - vikas2 - Viewed holidays
2025-10-29 11:35:51,257 - vikas2 - Viewed attendance
2025-10-29 11:43:40,489 - admin - Logged in
2025-10-29 11:43:40,526 - admin - Viewed admin dashboard
2025-10-29 11:44:01,950 - vikas2 - Logged in
2025-10-29 11:44:14,862 - vikas2 - Viewed attendance
2025-10-29 11:44:26,776 - vikas2 - Viewed leave balances
2025-10-29 11:44:30,597 - vikas2 - Viewed profile
2025-10-29 11:44:37,845 - vikas2 - Viewed profile
2025-10-29 11:44:42,239 - vikas2 - Viewed holidays
2025-10-29 11:44:45,429 - vikas2 - Viewed documents
2025-10-29 11:45:09,641 - admin - Logged in
2025-10-29 11:45:09,673 - admin - Viewed admin dashboard
2025-10-29 11:48:41,833 - admin - Logged in
2025-10-29 11:48:41,878 - admin - Viewed admin dashboard
2025-10-29 11:48:49,616 - admin - Viewed logs
2025-10-29 11:49:22,816 - admin - Edited user jane.smith
2025-10-29 11:49:42,027 - admin - Viewed admin dashboard
2025-10-29 11:49:51,140 - admin - Viewed admin dashboard
2025-10-29 11:49:55,896 - admin - Logged out
2025-10-29 11:50:13,924 - anonymous - Failed login attempt for vikas2
2025-10-29 11:50:21,557 - anonymous - Failed login attempt for vikas
2025-10-29 11:50:31,847 - vikas2 - Logged in
2025-10-29 11:50:43,611 - vikas2 - Viewed attendance
2025-10-29 11:51:23,218 - vikas2 - Viewed attendance
2025-10-29 11:51:27,840 - vikas2 - Viewed attendance
2025-10-29 11:51:42,514 - vikas2 - Viewed holidays
2025-10-29 11:51:46,856 - vikas2 - Viewed salary slips
2025-10-29 11:51:51,174 - vikas2 - Viewed profile
2025-10-29 11:51:55,990 - vikas2 - Viewed leave balances
2025-10-29 12:05:01,769 - admin - Logged in
2025-10-29 12:05:01,831 - admin - Viewed admin dashboard
2025-10-29 12:05:28,602 - admin - Viewed admin dashboard
2025-10-29 12:11:58,413 - admin - Logged in
2025-10-29 12:11:58,463 - admin - Viewed admin dashboard
2025-10-29 12:13:01,914 - admin - Edited user vikas2
2025-10-29 12:13:04,967 - admin - Edited user vikas2
2025-10-29 12:13:26,169 - admin - Deleted user john.doe (ID: 2)
2025-10-29 12:14:52,150 - admin - Deleted user jane.smith (ID: 3)
2025-10-29 12:15:03,226 - admin - Deleted user mike.wilson (ID: 4)
2025-10-29 12:15:10,919 - admin - Deleted user sarah.johnson (ID: 5)
2025-10-29 12:28:46,130 - admin - Failed login attempt for admin
2025-10-29 12:28:57,312 - admin - Logged in
2025-10-29 12:28:57,355 - admin - Viewed admin dashboard
2025-10-29 12:31:37,763 - admin - Viewed admin dashboard
2025-10-29 12:31:47,933 - admin - Deleted user david.brown (ID: 6)
2025-10-29 12:32:23,309 - admin - Created user hr
2025-10-29 12:32:36,810 - admin - Edited user hr
2025-10-29 12:32:39,980 - admin - Edited user hr
2025-10-29 12:32:52,690 - admin - Edited user vikas2
2025-10-29 12:33:04,448 - admin - Edited user vikas2
2025-10-29 12:33:37,154 - admin - Viewed admin dashboard
2025-10-29 12:33:43,602 - admin - Logged out
2025-10-29 12:33:54,060 - anonymous - Failed login attempt for hr
2025-10-29 12:34:02,819 - hr - Logged in
2025-10-29 12:34:02,854 - hr - Viewed supervisor dashboard
2025-10-29 12:34:06,668 - hr - Viewed info for employee 7
2025-10-29 12:34:08,777 - hr - Viewed supervisor dashboard
2025-10-29 12:34:14,283 - hr - Viewed supervisor dashboard
2025-10-29 12:34:19,153 - hr - Viewed supervisor dashboard
2025-10-29 12:34:28,917 - hr - Viewed supervisor dashboard
2025-10-29 12:34:36,844 - hr - Viewed supervisor dashboard
2025-10-29 12:34:43,634 - hr - Viewed supervisor dashboard
2025-10-29 13:47:51,065 - admin - Logged in
2025-10-29 13:47:51,165 - admin - Viewed admin dashboard
2025-10-29 13:48:11,055 - admin - Viewed admin dashboard
2025-10-29 13:48:17,399 - admin - Viewed admin dashboard
2025-10-29 13:48:19,801 - admin - Viewed attendance dashboard
2025-10-29 13:48:24,327 - admin - Viewed admin dashboard
2025-10-29 13:48:26,744 - admin - Viewed logs
2025-10-29 13:48:37,130 - admin - Logged out
2025-10-29 13:48:48,331 - hr - Logged in
2025-10-29 13:48:48,376 - hr - Viewed supervisor dashboard
2025-10-29 13:48:53,625 - hr - Viewed info for employee 7
2025-10-29 13:48:56,474 - hr - Viewed supervisor dashboard
2025-10-29 13:49:01,132 - hr - Viewed supervisor dashboard
2025-10-29 13:49:07,710 - hr - Viewed supervisor dashboard
2025-10-29 13:49:12,618 - hr - Logged out
2025-10-29 13:49:21,705 - anonymous - Failed login attempt for vikas2
2025-10-29 13:49:29,409 - vikas2 - Logged in
2025-10-29 13:49:33,775 - vikas2 - Viewed attendance
2025-10-29 13:49:54,858 - vikas2 - Viewed leave balances
2025-10-29 13:50:05,166 - vikas2 - Viewed salary slips
2025-10-29 13:50:10,707 - vikas2 - Viewed documents
2025-10-29 13:50:15,220 - vikas2 - Viewed holidays
2025-10-29 13:50:20,721 - vikas2 - Viewed profile
2025-10-29 13:50:33,723 - vikas2 - Logged out
2025-10-29 14:31:47,197 - admin - Logged in
2025-10-29 14:31:47,257 - admin - Viewed admin dashboard
2025-10-29 14:32:02,008 - admin - Viewed admin dashboard
2025-10-29 14:32:08,980 - admin - Viewed admin dashboard
2025-10-29 14:32:11,092 - admin - Logged out
2025-10-29 14:32:31,566 - vikas2 - Logged in
2025-10-29 14:36:34,027 - vikas2 - Logged in
2025-10-29 14:36:57,386 - vikas2 - Viewed salary slips
2025-10-29 14:37:04,807 - vikas2 - Viewed profile
2025-10-29 14:37:20,820 - vikas2 - Viewed leave balances
2025-10-29 14:37:31,747 - vikas2 - Logged out
2025-10-29 14:37:42,855 - hr - Logged in
2025-10-29 14:37:42,898 - hr - Viewed supervisor dashboard
2025-10-29 15:28:33,633 - admin - Logged in
2025-10-29 15:28:33,701 - admin - Viewed admin dashboard
2025-10-29 15:28:40,564 - admin - Viewed admin dashboard
2025-10-29 15:28:43,065 - admin - Logged out
2025-10-29 15:28:54,693 - hr - Logged in
2025-10-29 15:28:54,779 - hr - Viewed supervisor dashboard
2025-10-29 15:29:27,140 - hr - Viewed supervisor dashboard
2025-10-29 15:29:28,223 - hr - Viewed supervisor dashboard
2025-10-29 15:29:44,321 - hr - Logged out
2025-10-29 15:29:57,993 - vikas2 - Logged in
2025-10-29 15:29:58,061 - vikas2 - Viewed employee dashboard
2025-10-29 15:30:07,024 - vikas2 - Viewed profile
2025-10-29 15:30:11,025 - vikas2 - Viewed employee dashboard
2025-10-29 15:30:14,033 - vikas2 - Viewed profile
2025-10-29 15:30:20,775 - vikas2 - Viewed employee dashboard
2025-10-29 15:30:42,333 - vikas2 - Viewed attendance
2025-10-29 15:30:46,055 - vikas2 - Viewed employee dashboard
2025-10-29 15:31:05,971 - vikas2 - Logged out
2025-10-29 15:31:15,830 - hr - Logged in
2025-10-29 15:31:15,885 - hr - Viewed supervisor dashboard
2025-10-29 15:31:56,068 - hr - Viewed holidays
2025-10-29 15:31:58,209 - hr - Viewed supervisor dashboard
2025-10-29 15:32:07,239 - hr - Viewed supervisor dashboard
2025-10-29 15:32:28,496 - hr - Viewed supervisor dashboard
2025-10-29 15:52:50,934 - hr - Logged in
2025-10-29 15:52:50,994 - hr - Viewed supervisor dashboard
2025-10-29 15:53:23,632 - hr - Viewed holidays
2025-10-29 15:53:25,579 - hr - Viewed supervisor dashboard
2025-10-29 15:53:38,284 - hr - Logged out
2025-10-29 15:53:49,909 - vikas2 - Logged in
2025-10-29 15:53:49,956 - vikas2 - Viewed employee dashboard
2025-10-29 15:54:15,105 - vikas2 - Applied for casual leave
2025-10-29 15:54:18,533 - vikas2 - Viewed employee dashboard
2025-10-29 15:54:24,212 - vikas2 - Viewed attendance
2025-10-29 15:54:26,424 - vikas2 - Viewed employee dashboard
2025-10-29 15:54:40,430 - vikas2 - Viewed attendance
2025-10-29 15:54:44,564 - vikas2 - Viewed attendance
2025-10-29 15:54:46,574 - vikas2 - Viewed employee dashboard
2025-10-29 15:54:49,815 - vikas2 - Logged out
2025-10-29 15:54:57,822 - hr - Logged in
2025-10-29 15:54:57,875 - hr - Viewed supervisor dashboard
2025-10-29 15:56:29,016 - hr - Logged in
2025-10-29 15:56:29,100 - hr - Viewed supervisor dashboard
2025-10-29 15:57:00,571 - hr - Updated leave 1 status to approved for employee 7
2025-10-29 15:57:06,039 - hr - Updated leave 1 status to approved for employee 7
2025-10-29 15:57:15,594 - hr - Updated leave 1 status to rejected for employee 7
2025-10-29 15:57:19,840 - hr - Updated leave 1 status to approved for employee 7
2025-10-29 15:57:23,841 - hr - Viewed supervisor dashboard
2025-10-29 15:58:03,104 - hr - Logged out
2025-10-29 15:58:19,217 - vikas2 - Logged in
2025-10-29 15:58:19,283 - vikas2 - Viewed employee dashboard
2025-10-29 15:58:36,356 - vikas2 - Viewed holidays
2025-10-29 15:58:38,933 - vikas2 - Viewed employee dashboard
2025-10-29 15:58:42,537 - vikas2 - Viewed leave balances
2025-10-29 15:58:46,171 - vikas2 - Viewed employee dashboard
2025-10-29 15:59:05,639 - vikas2 - Viewed leave balances
2025-10-29 15:59:10,226 - vikas2 - Viewed employee dashboard
2025-10-29 15:59:14,820 - vikas2 - Viewed attendance
2025-10-29 15:59:18,444 - vikas2 - Viewed employee dashboard
2025-10-29 15:59:26,804 - vikas2 - Logged out
2025-10-29 15:59:38,665 - admin - Logged in
2025-10-29 15:59:38,733 - admin - Viewed admin dashboard
2025-10-29 16:05:04,728 - admin - Logged in
2025-10-29 16:05:04,794 - admin - Viewed admin dashboard
2025-10-29 16:16:11,175 - admin - Logged in
2025-10-29 16:16:11,270 - admin - Viewed admin dashboard
2025-10-29 16:16:52,817 - admin - Viewed admin dashboard
2025-10-29 16:17:53,844 - admin - Viewed admin dashboard
2025-10-29 16:17:59,952 - admin - Viewed admin dashboard
2025-10-29 16:19:46,807 - admin - Added holiday sunday
2025-10-29 16:19:57,227 - admin - Viewed admin dashboard
2025-10-29 16:21:20,362 - admin - Viewed admin dashboard
